2018-02-20 22:10:17,955 [INFO] from application in ForkJoinPool-1-worker-1 - ApplicationTimer demo: Starting application at 2018-02-21T03:10:17.945Z.
2018-02-20 22:10:18,247 [ERROR] from application in netty-event-loop-4 - 

! @773kda586 - Internal server error, for (POST) [/order] ->
 
play.api.UnexpectedException: Unexpected exception[ProvisionException: Unable to provision, see the following errors:

1) services.CrudApiImpl doesn't extend services.CrudApi.
  while locating services.CrudApi
    for parameter 1 at services.OrderServiceImpl.<init>(OrderService.scala:25)
  while locating services.OrderService
    for parameter 0 at controllers.OrderApi.<init>(OrderApi.scala:17)
  while locating controllers.OrderApi
    for parameter 4 at router.Routes.<init>(Routes.scala:43)
  while locating router.Routes
  while locating play.api.inject.RoutesProvider
  while locating play.api.routing.Router
    for parameter 0 at play.api.http.JavaCompatibleHttpRequestHandler.<init>(HttpRequestHandler.scala:201)
  while locating play.api.http.JavaCompatibleHttpRequestHandler
  while locating play.api.http.HttpRequestHandler
    for parameter 4 at play.api.DefaultApplication.<init>(Application.scala:221)
  at play.api.DefaultApplication.class(Application.scala:221)
  while locating play.api.DefaultApplication
  while locating play.api.Application

1 error]
	at play.core.server.DevServerStart$$anonfun$mainDev$1$$anon$1$$anonfun$get$1$$anonfun$apply$1$$anonfun$1.apply(DevServerStart.scala:180)
	at play.core.server.DevServerStart$$anonfun$mainDev$1$$anon$1$$anonfun$get$1$$anonfun$apply$1$$anonfun$1.apply(DevServerStart.scala:131)
	at scala.Option.map(Option.scala:146)
	at play.core.server.DevServerStart$$anonfun$mainDev$1$$anon$1$$anonfun$get$1$$anonfun$apply$1.apply(DevServerStart.scala:131)
	at play.core.server.DevServerStart$$anonfun$mainDev$1$$anon$1$$anonfun$get$1$$anonfun$apply$1.apply(DevServerStart.scala:129)
	at scala.util.Success.flatMap(Try.scala:231)
	at play.core.server.DevServerStart$$anonfun$mainDev$1$$anon$1$$anonfun$get$1.apply(DevServerStart.scala:129)
	at play.core.server.DevServerStart$$anonfun$mainDev$1$$anon$1$$anonfun$get$1.apply(DevServerStart.scala:121)
	at scala.concurrent.impl.Future$PromiseCompletingRunnable.liftedTree1$1(Future.scala:24)
	at scala.concurrent.impl.Future$PromiseCompletingRunnable.run(Future.scala:24)
	at java.util.concurrent.ForkJoinTask$RunnableExecuteAction.exec(ForkJoinTask.java:1402)
	at java.util.concurrent.ForkJoinTask.doExec(ForkJoinTask.java:289)
	at java.util.concurrent.ForkJoinPool$WorkQueue.runTask(ForkJoinPool.java:1056)
	at java.util.concurrent.ForkJoinPool.runWorker(ForkJoinPool.java:1692)
	at java.util.concurrent.ForkJoinWorkerThread.run(ForkJoinWorkerThread.java:157)
Caused by: com.google.inject.ProvisionException: Unable to provision, see the following errors:

1) services.CrudApiImpl doesn't extend services.CrudApi.
  while locating services.CrudApi
    for parameter 1 at services.OrderServiceImpl.<init>(OrderService.scala:25)
  while locating services.OrderService
    for parameter 0 at controllers.OrderApi.<init>(OrderApi.scala:17)
  while locating controllers.OrderApi
    for parameter 4 at router.Routes.<init>(Routes.scala:43)
  while locating router.Routes
  while locating play.api.inject.RoutesProvider
  while locating play.api.routing.Router
    for parameter 0 at play.api.http.JavaCompatibleHttpRequestHandler.<init>(HttpRequestHandler.scala:201)
  while locating play.api.http.JavaCompatibleHttpRequestHandler
  while locating play.api.http.HttpRequestHandler
    for parameter 4 at play.api.DefaultApplication.<init>(Application.scala:221)
  at play.api.DefaultApplication.class(Application.scala:221)
  while locating play.api.DefaultApplication
  while locating play.api.Application

1 error
	at com.google.inject.internal.InjectorImpl$2.get(InjectorImpl.java:1025)
	at com.google.inject.internal.InjectorImpl.getInstance(InjectorImpl.java:1051)
	at play.api.inject.guice.GuiceInjector.instanceOf(GuiceInjectorBuilder.scala:405)
	at play.api.inject.guice.GuiceInjector.instanceOf(GuiceInjectorBuilder.scala:400)
	at play.api.inject.guice.GuiceApplicationBuilder.build(GuiceApplicationBuilder.scala:123)
	at play.api.inject.guice.GuiceApplicationLoader.load(GuiceApplicationLoader.scala:21)
	at play.core.server.DevServerStart$$anonfun$mainDev$1$$anon$1$$anonfun$get$1$$anonfun$apply$1$$anonfun$1$$anonfun$2.apply(DevServerStart.scala:168)
	at play.core.server.DevServerStart$$anonfun$mainDev$1$$anon$1$$anonfun$get$1$$anonfun$apply$1$$anonfun$1$$anonfun$2.apply(DevServerStart.scala:164)
	at play.utils.Threads$.withContextClassLoader(Threads.scala:21)
	at play.core.server.DevServerStart$$anonfun$mainDev$1$$anon$1$$anonfun$get$1$$anonfun$apply$1$$anonfun$1.apply(DevServerStart.scala:164)
	... 14 common frames omitted
2018-02-20 22:10:47,277 [ERROR] from application in netty-event-loop-4 - 

! @773kda586 - Internal server error, for (POST) [/order] ->
 
play.api.UnexpectedException: Unexpected exception[ProvisionException: Unable to provision, see the following errors:

1) services.CrudApiImpl doesn't extend services.CrudApi.
  while locating services.CrudApi
    for parameter 1 at services.OrderServiceImpl.<init>(OrderService.scala:25)
  while locating services.OrderService
    for parameter 0 at controllers.OrderApi.<init>(OrderApi.scala:17)
  while locating controllers.OrderApi
    for parameter 4 at router.Routes.<init>(Routes.scala:43)
  while locating router.Routes
  while locating play.api.inject.RoutesProvider
  while locating play.api.routing.Router
    for parameter 0 at play.api.http.JavaCompatibleHttpRequestHandler.<init>(HttpRequestHandler.scala:201)
  while locating play.api.http.JavaCompatibleHttpRequestHandler
  while locating play.api.http.HttpRequestHandler
    for parameter 4 at play.api.DefaultApplication.<init>(Application.scala:221)
  at play.api.DefaultApplication.class(Application.scala:221)
  while locating play.api.DefaultApplication
  while locating play.api.Application

1 error]
	at play.core.server.DevServerStart$$anonfun$mainDev$1$$anon$1$$anonfun$get$1$$anonfun$apply$1$$anonfun$1.apply(DevServerStart.scala:180)
	at play.core.server.DevServerStart$$anonfun$mainDev$1$$anon$1$$anonfun$get$1$$anonfun$apply$1$$anonfun$1.apply(DevServerStart.scala:131)
	at scala.Option.map(Option.scala:146)
	at play.core.server.DevServerStart$$anonfun$mainDev$1$$anon$1$$anonfun$get$1$$anonfun$apply$1.apply(DevServerStart.scala:131)
	at play.core.server.DevServerStart$$anonfun$mainDev$1$$anon$1$$anonfun$get$1$$anonfun$apply$1.apply(DevServerStart.scala:129)
	at scala.util.Success.flatMap(Try.scala:231)
	at play.core.server.DevServerStart$$anonfun$mainDev$1$$anon$1$$anonfun$get$1.apply(DevServerStart.scala:129)
	at play.core.server.DevServerStart$$anonfun$mainDev$1$$anon$1$$anonfun$get$1.apply(DevServerStart.scala:121)
	at scala.concurrent.impl.Future$PromiseCompletingRunnable.liftedTree1$1(Future.scala:24)
	at scala.concurrent.impl.Future$PromiseCompletingRunnable.run(Future.scala:24)
	at java.util.concurrent.ForkJoinTask$RunnableExecuteAction.exec(ForkJoinTask.java:1402)
	at java.util.concurrent.ForkJoinTask.doExec(ForkJoinTask.java:289)
	at java.util.concurrent.ForkJoinPool$WorkQueue.runTask(ForkJoinPool.java:1056)
	at java.util.concurrent.ForkJoinPool.runWorker(ForkJoinPool.java:1692)
	at java.util.concurrent.ForkJoinWorkerThread.run(ForkJoinWorkerThread.java:157)
Caused by: com.google.inject.ProvisionException: Unable to provision, see the following errors:

1) services.CrudApiImpl doesn't extend services.CrudApi.
  while locating services.CrudApi
    for parameter 1 at services.OrderServiceImpl.<init>(OrderService.scala:25)
  while locating services.OrderService
    for parameter 0 at controllers.OrderApi.<init>(OrderApi.scala:17)
  while locating controllers.OrderApi
    for parameter 4 at router.Routes.<init>(Routes.scala:43)
  while locating router.Routes
  while locating play.api.inject.RoutesProvider
  while locating play.api.routing.Router
    for parameter 0 at play.api.http.JavaCompatibleHttpRequestHandler.<init>(HttpRequestHandler.scala:201)
  while locating play.api.http.JavaCompatibleHttpRequestHandler
  while locating play.api.http.HttpRequestHandler
    for parameter 4 at play.api.DefaultApplication.<init>(Application.scala:221)
  at play.api.DefaultApplication.class(Application.scala:221)
  while locating play.api.DefaultApplication
  while locating play.api.Application

1 error
	at com.google.inject.internal.InjectorImpl$2.get(InjectorImpl.java:1025)
	at com.google.inject.internal.InjectorImpl.getInstance(InjectorImpl.java:1051)
	at play.api.inject.guice.GuiceInjector.instanceOf(GuiceInjectorBuilder.scala:405)
	at play.api.inject.guice.GuiceInjector.instanceOf(GuiceInjectorBuilder.scala:400)
	at play.api.inject.guice.GuiceApplicationBuilder.build(GuiceApplicationBuilder.scala:123)
	at play.api.inject.guice.GuiceApplicationLoader.load(GuiceApplicationLoader.scala:21)
	at play.core.server.DevServerStart$$anonfun$mainDev$1$$anon$1$$anonfun$get$1$$anonfun$apply$1$$anonfun$1$$anonfun$2.apply(DevServerStart.scala:168)
	at play.core.server.DevServerStart$$anonfun$mainDev$1$$anon$1$$anonfun$get$1$$anonfun$apply$1$$anonfun$1$$anonfun$2.apply(DevServerStart.scala:164)
	at play.utils.Threads$.withContextClassLoader(Threads.scala:21)
	at play.core.server.DevServerStart$$anonfun$mainDev$1$$anon$1$$anonfun$get$1$$anonfun$apply$1$$anonfun$1.apply(DevServerStart.scala:164)
	... 14 common frames omitted
2018-02-20 22:10:53,759 [INFO] from application in ForkJoinPool-1-worker-2 - ApplicationTimer demo: Stopping application at 2018-02-21T03:10:53.759Z after 36s.
2018-02-20 22:10:53,881 [INFO] from application in ForkJoinPool-1-worker-2 - ApplicationTimer demo: Starting application at 2018-02-21T03:10:53.880Z.
2018-02-20 22:10:54,770 [INFO] from play.api.Play in ForkJoinPool-1-worker-2 - Application started (Dev)
2018-02-20 22:10:54,914 [DEBUG] from application in application-akka.actor.default-dispatcher-3 - getProductDetails
2018-02-20 22:10:55,920 [DEBUG] from application in ForkJoinPool-4-worker-5 - Response: 124.95
2018-02-20 22:10:55,921 [DEBUG] from application in application-akka.actor.default-dispatcher-3 - getProductDetails
2018-02-20 22:10:55,991 [DEBUG] from application in ForkJoinPool-4-worker-5 - Response: 3.5
2018-02-20 22:10:55,991 [DEBUG] from application in application-akka.actor.default-dispatcher-3 - getProductDetails
2018-02-20 22:10:56,067 [DEBUG] from application in ForkJoinPool-4-worker-5 - Response: 9.95
2018-02-20 22:11:01,085 [ERROR] from application in application-akka.actor.default-dispatcher-2 - 

! @773kdcglb - Internal server error, for (POST) [/order] ->
 
play.api.http.HttpErrorHandlerExceptions$$anon$1: Execution exception[[SdkClientException: Unable to execute HTTP request: Connect to localhost:8000 [localhost/127.0.0.1, localhost/0:0:0:0:0:0:0:1] failed: Connection refused (Connection refused)]]
	at play.api.http.HttpErrorHandlerExceptions$.throwableToUsefulException(HttpErrorHandler.scala:293)
	at play.api.http.DefaultHttpErrorHandler.onServerError(HttpErrorHandler.scala:220)
	at play.api.GlobalSettings$class.onError(GlobalSettings.scala:160)
	at play.api.DefaultGlobal$.onError(GlobalSettings.scala:188)
	at play.api.http.GlobalSettingsHttpErrorHandler.onServerError(HttpErrorHandler.scala:100)
	at play.core.server.netty.PlayRequestHandler$$anonfun$2$$anonfun$apply$1.applyOrElse(PlayRequestHandler.scala:100)
	at play.core.server.netty.PlayRequestHandler$$anonfun$2$$anonfun$apply$1.applyOrElse(PlayRequestHandler.scala:99)
	at scala.concurrent.Future$$anonfun$recoverWith$1.apply(Future.scala:346)
	at scala.concurrent.Future$$anonfun$recoverWith$1.apply(Future.scala:345)
	at scala.concurrent.impl.CallbackRunnable.run(Promise.scala:36)
	at play.api.libs.iteratee.Execution$trampoline$.execute(Execution.scala:70)
	at scala.concurrent.impl.CallbackRunnable.executeWithValue(Promise.scala:44)
	at scala.concurrent.impl.Promise$DefaultPromise.tryComplete(Promise.scala:252)
	at scala.concurrent.Promise$class.complete(Promise.scala:55)
	at scala.concurrent.impl.Promise$DefaultPromise.complete(Promise.scala:157)
	at scala.concurrent.Future$$anonfun$recoverWith$1$$anonfun$apply$6.apply(Future.scala:346)
	at scala.concurrent.Future$$anonfun$recoverWith$1$$anonfun$apply$6.apply(Future.scala:346)
	at scala.concurrent.impl.CallbackRunnable.run(Promise.scala:36)
	at scala.concurrent.BatchingExecutor$Batch$$anonfun$run$1.processBatch$1(BatchingExecutor.scala:63)
	at scala.concurrent.BatchingExecutor$Batch$$anonfun$run$1.apply$mcV$sp(BatchingExecutor.scala:78)
	at scala.concurrent.BatchingExecutor$Batch$$anonfun$run$1.apply(BatchingExecutor.scala:55)
	at scala.concurrent.BatchingExecutor$Batch$$anonfun$run$1.apply(BatchingExecutor.scala:55)
	at scala.concurrent.BlockContext$.withBlockContext(BlockContext.scala:72)
	at scala.concurrent.BatchingExecutor$Batch.run(BatchingExecutor.scala:54)
	at scala.concurrent.Future$InternalCallbackExecutor$.unbatchedExecute(Future.scala:601)
	at scala.concurrent.BatchingExecutor$class.execute(BatchingExecutor.scala:106)
	at scala.concurrent.Future$InternalCallbackExecutor$.execute(Future.scala:599)
	at scala.concurrent.impl.CallbackRunnable.executeWithValue(Promise.scala:44)
	at scala.concurrent.impl.Promise$DefaultPromise.tryComplete(Promise.scala:252)
	at scala.concurrent.Promise$class.complete(Promise.scala:55)
	at scala.concurrent.impl.Promise$DefaultPromise.complete(Promise.scala:157)
	at scala.concurrent.Future$$anonfun$map$1.apply(Future.scala:237)
	at scala.concurrent.Future$$anonfun$map$1.apply(Future.scala:237)
	at scala.concurrent.impl.CallbackRunnable.run(Promise.scala:36)
	at akka.dispatch.BatchingExecutor$AbstractBatch.processBatch(BatchingExecutor.scala:55)
	at akka.dispatch.BatchingExecutor$BlockableBatch$$anonfun$run$1.apply$mcV$sp(BatchingExecutor.scala:91)
	at akka.dispatch.BatchingExecutor$BlockableBatch$$anonfun$run$1.apply(BatchingExecutor.scala:91)
	at akka.dispatch.BatchingExecutor$BlockableBatch$$anonfun$run$1.apply(BatchingExecutor.scala:91)
	at scala.concurrent.BlockContext$.withBlockContext(BlockContext.scala:72)
	at akka.dispatch.BatchingExecutor$BlockableBatch.run(BatchingExecutor.scala:90)
	at akka.dispatch.TaskInvocation.run(AbstractDispatcher.scala:39)
	at akka.dispatch.ForkJoinExecutorConfigurator$AkkaForkJoinTask.exec(AbstractDispatcher.scala:415)
	at scala.concurrent.forkjoin.ForkJoinTask.doExec(ForkJoinTask.java:260)
	at scala.concurrent.forkjoin.ForkJoinPool$WorkQueue.runTask(ForkJoinPool.java:1339)
	at scala.concurrent.forkjoin.ForkJoinPool.runWorker(ForkJoinPool.java:1979)
	at scala.concurrent.forkjoin.ForkJoinWorkerThread.run(ForkJoinWorkerThread.java:107)
Caused by: com.amazonaws.SdkClientException: Unable to execute HTTP request: Connect to localhost:8000 [localhost/127.0.0.1, localhost/0:0:0:0:0:0:0:1] failed: Connection refused (Connection refused)
	at com.amazonaws.http.AmazonHttpClient$RequestExecutor.handleRetryableException(AmazonHttpClient.java:1068)
	at com.amazonaws.http.AmazonHttpClient$RequestExecutor.executeHelper(AmazonHttpClient.java:1034)
	at com.amazonaws.http.AmazonHttpClient$RequestExecutor.doExecute(AmazonHttpClient.java:741)
	at com.amazonaws.http.AmazonHttpClient$RequestExecutor.executeWithTimer(AmazonHttpClient.java:715)
	at com.amazonaws.http.AmazonHttpClient$RequestExecutor.execute(AmazonHttpClient.java:697)
	at com.amazonaws.http.AmazonHttpClient$RequestExecutor.access$500(AmazonHttpClient.java:665)
	at com.amazonaws.http.AmazonHttpClient$RequestExecutionBuilderImpl.execute(AmazonHttpClient.java:647)
	at com.amazonaws.http.AmazonHttpClient.execute(AmazonHttpClient.java:511)
	at com.amazonaws.services.dynamodbv2.AmazonDynamoDBClient.doInvoke(AmazonDynamoDBClient.java:2186)
	at com.amazonaws.services.dynamodbv2.AmazonDynamoDBClient.invoke(AmazonDynamoDBClient.java:2162)
	at com.amazonaws.services.dynamodbv2.AmazonDynamoDBClient.executeDescribeTable(AmazonDynamoDBClient.java:1048)
	at com.amazonaws.services.dynamodbv2.AmazonDynamoDBClient.describeTable(AmazonDynamoDBClient.java:1024)
	at awscala.dynamodbv2.DynamoDB$class.describe(DynamoDB.scala:55)
	at awscala.dynamodbv2.DynamoDBClient.describe(DynamoDB.scala:381)
	at awscala.dynamodbv2.DynamoDB$class.table(DynamoDB.scala:63)
	at awscala.dynamodbv2.DynamoDBClient.table(DynamoDB.scala:381)
	at jp.co.bizreach.dynamodb4s.DynamoTable$class.put(DynamoTable.scala:44)
	at models.Orders$.put(Order.scala:52)
	at services.CrudApiImpl.postOrder(CrudApi.scala:21)
	at services.OrderServiceImpl.placeOrder(OrderService.scala:49)
	at controllers.OrderApi$$anonfun$placeOrder$1.apply(OrderApi.scala:28)
	at controllers.OrderApi$$anonfun$placeOrder$1.apply(OrderApi.scala:25)
	at play.api.mvc.Action$.invokeBlock(Action.scala:498)
	at play.api.mvc.Action$.invokeBlock(Action.scala:495)
	at play.api.mvc.ActionBuilder$$anon$2.apply(Action.scala:458)
	at play.api.mvc.Action$$anonfun$apply$2$$anonfun$apply$5$$anonfun$apply$6.apply(Action.scala:112)
	at play.api.mvc.Action$$anonfun$apply$2$$anonfun$apply$5$$anonfun$apply$6.apply(Action.scala:112)
	at play.utils.Threads$.withContextClassLoader(Threads.scala:21)
	at play.api.mvc.Action$$anonfun$apply$2$$anonfun$apply$5.apply(Action.scala:111)
	at play.api.mvc.Action$$anonfun$apply$2$$anonfun$apply$5.apply(Action.scala:110)
	at scala.Option.map(Option.scala:146)
	at play.api.mvc.Action$$anonfun$apply$2.apply(Action.scala:110)
	at play.api.mvc.Action$$anonfun$apply$2.apply(Action.scala:103)
	at scala.concurrent.Future$$anonfun$flatMap$1.apply(Future.scala:253)
	at scala.concurrent.Future$$anonfun$flatMap$1.apply(Future.scala:251)
	... 13 common frames omitted
Caused by: org.apache.http.conn.HttpHostConnectException: Connect to localhost:8000 [localhost/127.0.0.1, localhost/0:0:0:0:0:0:0:1] failed: Connection refused (Connection refused)
	at org.apache.http.impl.conn.DefaultHttpClientConnectionOperator.connect(DefaultHttpClientConnectionOperator.java:158)
	at org.apache.http.impl.conn.PoolingHttpClientConnectionManager.connect(PoolingHttpClientConnectionManager.java:353)
	at sun.reflect.NativeMethodAccessorImpl.invoke0(Native Method)
	at sun.reflect.NativeMethodAccessorImpl.invoke(NativeMethodAccessorImpl.java:62)
	at sun.reflect.DelegatingMethodAccessorImpl.invoke(DelegatingMethodAccessorImpl.java:43)
	at java.lang.reflect.Method.invoke(Method.java:498)
	at com.amazonaws.http.conn.ClientConnectionManagerFactory$Handler.invoke(ClientConnectionManagerFactory.java:76)
	at com.amazonaws.http.conn.$Proxy22.connect(Unknown Source)
	at org.apache.http.impl.execchain.MainClientExec.establishRoute(MainClientExec.java:380)
	at org.apache.http.impl.execchain.MainClientExec.execute(MainClientExec.java:236)
	at org.apache.http.impl.execchain.ProtocolExec.execute(ProtocolExec.java:184)
	at org.apache.http.impl.client.InternalHttpClient.doExecute(InternalHttpClient.java:184)
	at org.apache.http.impl.client.CloseableHttpClient.execute(CloseableHttpClient.java:82)
	at org.apache.http.impl.client.CloseableHttpClient.execute(CloseableHttpClient.java:55)
	at com.amazonaws.http.apache.client.impl.SdkHttpClient.execute(SdkHttpClient.java:72)
	at com.amazonaws.http.AmazonHttpClient$RequestExecutor.executeOneRequest(AmazonHttpClient.java:1189)
	at com.amazonaws.http.AmazonHttpClient$RequestExecutor.executeHelper(AmazonHttpClient.java:1029)
	... 46 common frames omitted
Caused by: java.net.ConnectException: Connection refused (Connection refused)
	at java.net.PlainSocketImpl.socketConnect(Native Method)
	at java.net.AbstractPlainSocketImpl.doConnect(AbstractPlainSocketImpl.java:350)
	at java.net.AbstractPlainSocketImpl.connectToAddress(AbstractPlainSocketImpl.java:206)
	at java.net.AbstractPlainSocketImpl.connect(AbstractPlainSocketImpl.java:188)
	at java.net.SocksSocketImpl.connect(SocksSocketImpl.java:392)
	at java.net.Socket.connect(Socket.java:589)
	at org.apache.http.conn.socket.PlainConnectionSocketFactory.connectSocket(PlainConnectionSocketFactory.java:74)
	at org.apache.http.impl.conn.DefaultHttpClientConnectionOperator.connect(DefaultHttpClientConnectionOperator.java:141)
	... 62 common frames omitted
2018-02-20 22:13:19,525 [ERROR] from application in netty-event-loop-4 - 

! @773kdkdfp - Internal server error, for (POST) [/order] ->
 
play.sbt.PlayExceptions$CompilationException: Compilation error[could not find implicit value for parameter region: awscala.Region]
	at play.sbt.PlayExceptions$CompilationException$.apply(PlayExceptions.scala:27)
	at play.sbt.PlayExceptions$CompilationException$.apply(PlayExceptions.scala:27)
	at scala.Option.map(Option.scala:145)
	at play.sbt.run.PlayReload$$anonfun$taskFailureHandler$1.apply(PlayReload.scala:49)
	at play.sbt.run.PlayReload$$anonfun$taskFailureHandler$1.apply(PlayReload.scala:44)
	at scala.Option.map(Option.scala:145)
	at play.sbt.run.PlayReload$.taskFailureHandler(PlayReload.scala:44)
	at play.sbt.run.PlayReload$.compileFailure(PlayReload.scala:40)
	at play.sbt.run.PlayReload$$anonfun$compile$1.apply(PlayReload.scala:17)
	at play.sbt.run.PlayReload$$anonfun$compile$1.apply(PlayReload.scala:17)
	at scala.util.Either$LeftProjection.map(Either.scala:377)
	at play.sbt.run.PlayReload$.compile(PlayReload.scala:17)
	at play.sbt.run.PlayRun$$anonfun$playRunTask$1$$anonfun$apply$2$$anonfun$apply$3$$anonfun$2.apply(PlayRun.scala:61)
	at play.sbt.run.PlayRun$$anonfun$playRunTask$1$$anonfun$apply$2$$anonfun$apply$3$$anonfun$2.apply(PlayRun.scala:61)
	at play.runsupport.Reloader$$anonfun$reload$1.apply(Reloader.scala:339)
	at play.runsupport.Reloader$$anon$3.run(Reloader.scala:44)
	at java.security.AccessController.doPrivileged(Native Method)
	at play.runsupport.Reloader$.play$runsupport$Reloader$$withReloaderContextClassLoader(Reloader.scala:40)
	at play.runsupport.Reloader.reload(Reloader.scala:337)
	at play.core.server.DevServerStart$$anonfun$mainDev$1$$anon$1$$anonfun$get$1.apply(DevServerStart.scala:123)
	at play.core.server.DevServerStart$$anonfun$mainDev$1$$anon$1$$anonfun$get$1.apply(DevServerStart.scala:121)
	at scala.concurrent.impl.Future$PromiseCompletingRunnable.liftedTree1$1(Future.scala:24)
	at scala.concurrent.impl.Future$PromiseCompletingRunnable.run(Future.scala:24)
	at akka.dispatch.TaskInvocation.run(AbstractDispatcher.scala:39)
	at akka.dispatch.ForkJoinExecutorConfigurator$AkkaForkJoinTask.exec(AbstractDispatcher.scala:415)
	at scala.concurrent.forkjoin.ForkJoinTask.doExec(ForkJoinTask.java:260)
	at scala.concurrent.forkjoin.ForkJoinPool$WorkQueue.runTask(ForkJoinPool.java:1339)
	at scala.concurrent.forkjoin.ForkJoinPool.runWorker(ForkJoinPool.java:1979)
	at scala.concurrent.forkjoin.ForkJoinWorkerThread.run(ForkJoinWorkerThread.java:107)
2018-02-20 22:13:27,753 [ERROR] from application in netty-event-loop-4 - 

! @773kdkpkd - Internal server error, for (POST) [/order] ->
 
play.sbt.PlayExceptions$CompilationException: Compilation error[could not find implicit value for parameter region: awscala.Region]
	at play.sbt.PlayExceptions$CompilationException$.apply(PlayExceptions.scala:27)
	at play.sbt.PlayExceptions$CompilationException$.apply(PlayExceptions.scala:27)
	at scala.Option.map(Option.scala:145)
	at play.sbt.run.PlayReload$$anonfun$taskFailureHandler$1.apply(PlayReload.scala:49)
	at play.sbt.run.PlayReload$$anonfun$taskFailureHandler$1.apply(PlayReload.scala:44)
	at scala.Option.map(Option.scala:145)
	at play.sbt.run.PlayReload$.taskFailureHandler(PlayReload.scala:44)
	at play.sbt.run.PlayReload$.compileFailure(PlayReload.scala:40)
	at play.sbt.run.PlayReload$$anonfun$compile$1.apply(PlayReload.scala:17)
	at play.sbt.run.PlayReload$$anonfun$compile$1.apply(PlayReload.scala:17)
	at scala.util.Either$LeftProjection.map(Either.scala:377)
	at play.sbt.run.PlayReload$.compile(PlayReload.scala:17)
	at play.sbt.run.PlayRun$$anonfun$playRunTask$1$$anonfun$apply$2$$anonfun$apply$3$$anonfun$2.apply(PlayRun.scala:61)
	at play.sbt.run.PlayRun$$anonfun$playRunTask$1$$anonfun$apply$2$$anonfun$apply$3$$anonfun$2.apply(PlayRun.scala:61)
	at play.runsupport.Reloader$$anonfun$reload$1.apply(Reloader.scala:339)
	at play.runsupport.Reloader$$anon$3.run(Reloader.scala:44)
	at java.security.AccessController.doPrivileged(Native Method)
	at play.runsupport.Reloader$.play$runsupport$Reloader$$withReloaderContextClassLoader(Reloader.scala:40)
	at play.runsupport.Reloader.reload(Reloader.scala:337)
	at play.core.server.DevServerStart$$anonfun$mainDev$1$$anon$1$$anonfun$get$1.apply(DevServerStart.scala:123)
	at play.core.server.DevServerStart$$anonfun$mainDev$1$$anon$1$$anonfun$get$1.apply(DevServerStart.scala:121)
	at scala.concurrent.impl.Future$PromiseCompletingRunnable.liftedTree1$1(Future.scala:24)
	at scala.concurrent.impl.Future$PromiseCompletingRunnable.run(Future.scala:24)
	at akka.dispatch.TaskInvocation.run(AbstractDispatcher.scala:39)
	at akka.dispatch.ForkJoinExecutorConfigurator$AkkaForkJoinTask.exec(AbstractDispatcher.scala:415)
	at scala.concurrent.forkjoin.ForkJoinTask.doExec(ForkJoinTask.java:260)
	at scala.concurrent.forkjoin.ForkJoinPool$WorkQueue.runTask(ForkJoinPool.java:1339)
	at scala.concurrent.forkjoin.ForkJoinPool.runWorker(ForkJoinPool.java:1979)
	at scala.concurrent.forkjoin.ForkJoinWorkerThread.run(ForkJoinWorkerThread.java:107)
2018-02-20 22:17:16,229 [ERROR] from application in netty-event-loop-4 - 

! @773ke7pk1 - Internal server error, for (POST) [/order] ->
 
play.sbt.PlayExceptions$CompilationException: Compilation error[could not find implicit value for parameter region: awscala.Region]
	at play.sbt.PlayExceptions$CompilationException$.apply(PlayExceptions.scala:27)
	at play.sbt.PlayExceptions$CompilationException$.apply(PlayExceptions.scala:27)
	at scala.Option.map(Option.scala:145)
	at play.sbt.run.PlayReload$$anonfun$taskFailureHandler$1.apply(PlayReload.scala:49)
	at play.sbt.run.PlayReload$$anonfun$taskFailureHandler$1.apply(PlayReload.scala:44)
	at scala.Option.map(Option.scala:145)
	at play.sbt.run.PlayReload$.taskFailureHandler(PlayReload.scala:44)
	at play.sbt.run.PlayReload$.compileFailure(PlayReload.scala:40)
	at play.sbt.run.PlayReload$$anonfun$compile$1.apply(PlayReload.scala:17)
	at play.sbt.run.PlayReload$$anonfun$compile$1.apply(PlayReload.scala:17)
	at scala.util.Either$LeftProjection.map(Either.scala:377)
	at play.sbt.run.PlayReload$.compile(PlayReload.scala:17)
	at play.sbt.run.PlayRun$$anonfun$playRunTask$1$$anonfun$apply$2$$anonfun$apply$3$$anonfun$2.apply(PlayRun.scala:61)
	at play.sbt.run.PlayRun$$anonfun$playRunTask$1$$anonfun$apply$2$$anonfun$apply$3$$anonfun$2.apply(PlayRun.scala:61)
	at play.runsupport.Reloader$$anonfun$reload$1.apply(Reloader.scala:339)
	at play.runsupport.Reloader$$anon$3.run(Reloader.scala:44)
	at java.security.AccessController.doPrivileged(Native Method)
	at play.runsupport.Reloader$.play$runsupport$Reloader$$withReloaderContextClassLoader(Reloader.scala:40)
	at play.runsupport.Reloader.reload(Reloader.scala:337)
	at play.core.server.DevServerStart$$anonfun$mainDev$1$$anon$1$$anonfun$get$1.apply(DevServerStart.scala:123)
	at play.core.server.DevServerStart$$anonfun$mainDev$1$$anon$1$$anonfun$get$1.apply(DevServerStart.scala:121)
	at scala.concurrent.impl.Future$PromiseCompletingRunnable.liftedTree1$1(Future.scala:24)
	at scala.concurrent.impl.Future$PromiseCompletingRunnable.run(Future.scala:24)
	at akka.dispatch.TaskInvocation.run(AbstractDispatcher.scala:39)
	at akka.dispatch.ForkJoinExecutorConfigurator$AkkaForkJoinTask.exec(AbstractDispatcher.scala:415)
	at scala.concurrent.forkjoin.ForkJoinTask.doExec(ForkJoinTask.java:260)
	at scala.concurrent.forkjoin.ForkJoinPool$WorkQueue.runTask(ForkJoinPool.java:1339)
	at scala.concurrent.forkjoin.ForkJoinPool.runWorker(ForkJoinPool.java:1979)
	at scala.concurrent.forkjoin.ForkJoinWorkerThread.run(ForkJoinWorkerThread.java:107)
2018-02-20 22:17:22,911 [ERROR] from application in netty-event-loop-4 - 

! @773ke89h1 - Internal server error, for (POST) [/order] ->
 
play.sbt.PlayExceptions$CompilationException: Compilation error[could not find implicit value for parameter region: awscala.Region]
	at play.sbt.PlayExceptions$CompilationException$.apply(PlayExceptions.scala:27)
	at play.sbt.PlayExceptions$CompilationException$.apply(PlayExceptions.scala:27)
	at scala.Option.map(Option.scala:145)
	at play.sbt.run.PlayReload$$anonfun$taskFailureHandler$1.apply(PlayReload.scala:49)
	at play.sbt.run.PlayReload$$anonfun$taskFailureHandler$1.apply(PlayReload.scala:44)
	at scala.Option.map(Option.scala:145)
	at play.sbt.run.PlayReload$.taskFailureHandler(PlayReload.scala:44)
	at play.sbt.run.PlayReload$.compileFailure(PlayReload.scala:40)
	at play.sbt.run.PlayReload$$anonfun$compile$1.apply(PlayReload.scala:17)
	at play.sbt.run.PlayReload$$anonfun$compile$1.apply(PlayReload.scala:17)
	at scala.util.Either$LeftProjection.map(Either.scala:377)
	at play.sbt.run.PlayReload$.compile(PlayReload.scala:17)
	at play.sbt.run.PlayRun$$anonfun$playRunTask$1$$anonfun$apply$2$$anonfun$apply$3$$anonfun$2.apply(PlayRun.scala:61)
	at play.sbt.run.PlayRun$$anonfun$playRunTask$1$$anonfun$apply$2$$anonfun$apply$3$$anonfun$2.apply(PlayRun.scala:61)
	at play.runsupport.Reloader$$anonfun$reload$1.apply(Reloader.scala:339)
	at play.runsupport.Reloader$$anon$3.run(Reloader.scala:44)
	at java.security.AccessController.doPrivileged(Native Method)
	at play.runsupport.Reloader$.play$runsupport$Reloader$$withReloaderContextClassLoader(Reloader.scala:40)
	at play.runsupport.Reloader.reload(Reloader.scala:337)
	at play.core.server.DevServerStart$$anonfun$mainDev$1$$anon$1$$anonfun$get$1.apply(DevServerStart.scala:123)
	at play.core.server.DevServerStart$$anonfun$mainDev$1$$anon$1$$anonfun$get$1.apply(DevServerStart.scala:121)
	at scala.concurrent.impl.Future$PromiseCompletingRunnable.liftedTree1$1(Future.scala:24)
	at scala.concurrent.impl.Future$PromiseCompletingRunnable.run(Future.scala:24)
	at akka.dispatch.TaskInvocation.run(AbstractDispatcher.scala:39)
	at akka.dispatch.ForkJoinExecutorConfigurator$AkkaForkJoinTask.exec(AbstractDispatcher.scala:415)
	at scala.concurrent.forkjoin.ForkJoinTask.doExec(ForkJoinTask.java:260)
	at scala.concurrent.forkjoin.ForkJoinPool$WorkQueue.runTask(ForkJoinPool.java:1339)
	at scala.concurrent.forkjoin.ForkJoinPool.runWorker(ForkJoinPool.java:1979)
	at scala.concurrent.forkjoin.ForkJoinWorkerThread.run(ForkJoinWorkerThread.java:107)
2018-02-20 22:19:11,223 [INFO] from application in application-akka.actor.default-dispatcher-4 - ApplicationTimer demo: Stopping application at 2018-02-21T03:19:11.223Z after 498s.
2018-02-20 22:19:11,361 [INFO] from application in application-akka.actor.default-dispatcher-4 - ApplicationTimer demo: Starting application at 2018-02-21T03:19:11.360Z.
2018-02-20 22:19:11,491 [INFO] from play.api.Play in application-akka.actor.default-dispatcher-4 - Application started (Dev)
2018-02-20 22:19:11,512 [DEBUG] from application in application-akka.actor.default-dispatcher-4 - getProductDetails
2018-02-20 22:19:12,047 [DEBUG] from application in ForkJoinPool-4-worker-5 - Response: 124.95
2018-02-20 22:19:12,048 [DEBUG] from application in application-akka.actor.default-dispatcher-4 - getProductDetails
2018-02-20 22:19:12,103 [DEBUG] from application in ForkJoinPool-4-worker-5 - Response: 3.5
2018-02-20 22:19:12,103 [DEBUG] from application in application-akka.actor.default-dispatcher-4 - getProductDetails
2018-02-20 22:19:12,152 [DEBUG] from application in ForkJoinPool-4-worker-5 - Response: 9.95
2018-02-20 22:19:12,313 [DEBUG] from application in application-akka.actor.default-dispatcher-4 - Order: OrderRequest(27e083b1-e6aa-49b5-8e8c-8012371b7f7f,12345,List(ItemsWPrice(8ed0e6f7,1.0,Some(124.95)), ItemsWPrice(c0258525,3.0,Some(3.5)), ItemsWPrice(0a207870,2.0,Some(9.95))),155.35)
2018-02-20 22:30:14,946 [DEBUG] from application in application-akka.actor.default-dispatcher-2 - getProductDetails
2018-02-20 22:30:15,198 [DEBUG] from application in ForkJoinPool-4-worker-5 - Response: 124.95
2018-02-20 22:30:15,198 [DEBUG] from application in application-akka.actor.default-dispatcher-2 - getProductDetails
2018-02-20 22:30:15,248 [DEBUG] from application in ForkJoinPool-4-worker-5 - Response: 3.5
2018-02-20 22:30:15,248 [DEBUG] from application in application-akka.actor.default-dispatcher-2 - getProductDetails
2018-02-20 22:30:15,304 [DEBUG] from application in ForkJoinPool-4-worker-5 - Response: 9.95
2018-02-20 22:30:15,369 [DEBUG] from application in application-akka.actor.default-dispatcher-2 - Order: OrderRequest(1f813645-f4e9-4914-b6fa-8ba61b868edd,12345,List(ItemsWPrice(8ed0e6f7,1.0,Some(124.95)), ItemsWPrice(c0258525,3.0,Some(3.5)), ItemsWPrice(0a207870,2.0,Some(9.95))),155.35)
2018-02-20 22:30:16,535 [DEBUG] from application in application-akka.actor.default-dispatcher-6 - getProductDetails
2018-02-20 22:30:16,619 [DEBUG] from application in ForkJoinPool-4-worker-5 - Response: 124.95
2018-02-20 22:30:16,619 [DEBUG] from application in application-akka.actor.default-dispatcher-6 - getProductDetails
2018-02-20 22:30:16,675 [DEBUG] from application in ForkJoinPool-4-worker-5 - Response: 3.5
2018-02-20 22:30:16,675 [DEBUG] from application in application-akka.actor.default-dispatcher-6 - getProductDetails
2018-02-20 22:30:16,731 [DEBUG] from application in ForkJoinPool-4-worker-5 - Response: 9.95
2018-02-20 22:30:16,756 [DEBUG] from application in application-akka.actor.default-dispatcher-6 - Order: OrderRequest(d08819d3-671e-4f02-ab89-30ecd9a90a8b,12345,List(ItemsWPrice(8ed0e6f7,1.0,Some(124.95)), ItemsWPrice(c0258525,3.0,Some(3.5)), ItemsWPrice(0a207870,2.0,Some(9.95))),155.35)
2018-02-20 22:30:18,522 [DEBUG] from application in application-akka.actor.default-dispatcher-2 - getProductDetails
2018-02-20 22:30:18,578 [DEBUG] from application in ForkJoinPool-4-worker-5 - Response: 124.95
2018-02-20 22:30:18,578 [DEBUG] from application in application-akka.actor.default-dispatcher-2 - getProductDetails
2018-02-20 22:30:18,630 [DEBUG] from application in ForkJoinPool-4-worker-5 - Response: 3.5
2018-02-20 22:30:18,631 [DEBUG] from application in application-akka.actor.default-dispatcher-2 - getProductDetails
2018-02-20 22:30:18,684 [DEBUG] from application in ForkJoinPool-4-worker-5 - Response: 9.95
2018-02-20 22:30:18,708 [DEBUG] from application in application-akka.actor.default-dispatcher-2 - Order: OrderRequest(9d25d238-adf4-47ae-9ec7-ab5833f89bf4,12345,List(ItemsWPrice(8ed0e6f7,1.0,Some(124.95)), ItemsWPrice(c0258525,3.0,Some(3.5)), ItemsWPrice(0a207870,2.0,Some(9.95))),155.35)
2018-02-20 22:30:19,454 [DEBUG] from application in application-akka.actor.default-dispatcher-7 - getProductDetails
2018-02-20 22:30:19,501 [DEBUG] from application in ForkJoinPool-4-worker-5 - Response: 124.95
2018-02-20 22:30:19,501 [DEBUG] from application in application-akka.actor.default-dispatcher-7 - getProductDetails
2018-02-20 22:30:19,548 [DEBUG] from application in ForkJoinPool-4-worker-5 - Response: 3.5
2018-02-20 22:30:19,548 [DEBUG] from application in application-akka.actor.default-dispatcher-7 - getProductDetails
2018-02-20 22:30:19,601 [DEBUG] from application in ForkJoinPool-4-worker-5 - Response: 9.95
2018-02-20 22:30:19,643 [DEBUG] from application in application-akka.actor.default-dispatcher-7 - Order: OrderRequest(5503fd41-2613-4642-8e6e-35ea0586cb84,12345,List(ItemsWPrice(8ed0e6f7,1.0,Some(124.95)), ItemsWPrice(c0258525,3.0,Some(3.5)), ItemsWPrice(0a207870,2.0,Some(9.95))),155.35)
2018-02-20 22:30:20,170 [DEBUG] from application in application-akka.actor.default-dispatcher-7 - getProductDetails
2018-02-20 22:30:20,209 [DEBUG] from application in ForkJoinPool-4-worker-5 - Response: 124.95
2018-02-20 22:30:20,209 [DEBUG] from application in application-akka.actor.default-dispatcher-7 - getProductDetails
2018-02-20 22:30:20,236 [DEBUG] from application in ForkJoinPool-4-worker-5 - Response: 3.5
2018-02-20 22:30:20,237 [DEBUG] from application in application-akka.actor.default-dispatcher-7 - getProductDetails
2018-02-20 22:30:20,267 [DEBUG] from application in ForkJoinPool-4-worker-5 - Response: 9.95
2018-02-20 22:30:20,290 [DEBUG] from application in application-akka.actor.default-dispatcher-7 - Order: OrderRequest(e9175645-2a8c-4847-ac3e-98a4e51cd197,12345,List(ItemsWPrice(8ed0e6f7,1.0,Some(124.95)), ItemsWPrice(c0258525,3.0,Some(3.5)), ItemsWPrice(0a207870,2.0,Some(9.95))),155.35)
2018-02-20 22:30:20,837 [DEBUG] from application in application-akka.actor.default-dispatcher-5 - getProductDetails
2018-02-20 22:30:20,874 [DEBUG] from application in ForkJoinPool-4-worker-5 - Response: 124.95
2018-02-20 22:30:20,874 [DEBUG] from application in application-akka.actor.default-dispatcher-5 - getProductDetails
2018-02-20 22:30:20,900 [DEBUG] from application in ForkJoinPool-4-worker-5 - Response: 3.5
2018-02-20 22:30:20,901 [DEBUG] from application in application-akka.actor.default-dispatcher-5 - getProductDetails
2018-02-20 22:30:20,925 [DEBUG] from application in ForkJoinPool-4-worker-5 - Response: 9.95
2018-02-20 22:30:20,949 [DEBUG] from application in application-akka.actor.default-dispatcher-5 - Order: OrderRequest(0669689a-b937-4bd7-babc-2e54bd24e46f,12345,List(ItemsWPrice(8ed0e6f7,1.0,Some(124.95)), ItemsWPrice(c0258525,3.0,Some(3.5)), ItemsWPrice(0a207870,2.0,Some(9.95))),155.35)
2018-02-20 22:30:21,374 [DEBUG] from application in application-akka.actor.default-dispatcher-2 - getProductDetails
2018-02-20 22:30:21,406 [DEBUG] from application in ForkJoinPool-4-worker-5 - Response: 124.95
2018-02-20 22:30:21,406 [DEBUG] from application in application-akka.actor.default-dispatcher-2 - getProductDetails
2018-02-20 22:30:21,434 [DEBUG] from application in ForkJoinPool-4-worker-5 - Response: 3.5
2018-02-20 22:30:21,434 [DEBUG] from application in application-akka.actor.default-dispatcher-2 - getProductDetails
2018-02-20 22:30:21,467 [DEBUG] from application in ForkJoinPool-4-worker-5 - Response: 9.95
2018-02-20 22:30:21,493 [DEBUG] from application in application-akka.actor.default-dispatcher-2 - Order: OrderRequest(fb22396d-e22a-4684-8c46-a1675cd7cbc8,12345,List(ItemsWPrice(8ed0e6f7,1.0,Some(124.95)), ItemsWPrice(c0258525,3.0,Some(3.5)), ItemsWPrice(0a207870,2.0,Some(9.95))),155.35)
2018-02-20 22:30:21,957 [DEBUG] from application in application-akka.actor.default-dispatcher-5 - getProductDetails
2018-02-20 22:30:21,990 [DEBUG] from application in ForkJoinPool-4-worker-5 - Response: 124.95
2018-02-20 22:30:21,991 [DEBUG] from application in application-akka.actor.default-dispatcher-5 - getProductDetails
2018-02-20 22:30:22,030 [DEBUG] from application in ForkJoinPool-4-worker-5 - Response: 3.5
2018-02-20 22:30:22,030 [DEBUG] from application in application-akka.actor.default-dispatcher-5 - getProductDetails
2018-02-20 22:30:22,059 [DEBUG] from application in ForkJoinPool-4-worker-5 - Response: 9.95
2018-02-20 22:30:22,088 [DEBUG] from application in application-akka.actor.default-dispatcher-5 - Order: OrderRequest(135dd601-00c3-4476-91d4-1fcf67c37b48,12345,List(ItemsWPrice(8ed0e6f7,1.0,Some(124.95)), ItemsWPrice(c0258525,3.0,Some(3.5)), ItemsWPrice(0a207870,2.0,Some(9.95))),155.35)
2018-02-20 22:30:22,452 [DEBUG] from application in application-akka.actor.default-dispatcher-7 - getProductDetails
2018-02-20 22:30:22,484 [DEBUG] from application in ForkJoinPool-4-worker-5 - Response: 124.95
2018-02-20 22:30:22,484 [DEBUG] from application in application-akka.actor.default-dispatcher-7 - getProductDetails
2018-02-20 22:30:22,521 [DEBUG] from application in ForkJoinPool-4-worker-5 - Response: 3.5
2018-02-20 22:30:22,521 [DEBUG] from application in application-akka.actor.default-dispatcher-7 - getProductDetails
2018-02-20 22:30:22,553 [DEBUG] from application in ForkJoinPool-4-worker-5 - Response: 9.95
2018-02-20 22:30:22,581 [DEBUG] from application in application-akka.actor.default-dispatcher-7 - Order: OrderRequest(d8da1240-201b-4a6a-b9a5-bcaa201b62df,12345,List(ItemsWPrice(8ed0e6f7,1.0,Some(124.95)), ItemsWPrice(c0258525,3.0,Some(3.5)), ItemsWPrice(0a207870,2.0,Some(9.95))),155.35)
2018-02-20 22:30:36,980 [DEBUG] from application in application-akka.actor.default-dispatcher-5 - getProductDetails
2018-02-20 22:30:37,011 [DEBUG] from application in ForkJoinPool-4-worker-5 - Response: 124.95
2018-02-20 22:30:37,011 [DEBUG] from application in application-akka.actor.default-dispatcher-5 - getProductDetails
2018-02-20 22:30:37,042 [DEBUG] from application in ForkJoinPool-4-worker-5 - Response: 3.5
2018-02-20 22:30:37,042 [DEBUG] from application in application-akka.actor.default-dispatcher-5 - getProductDetails
2018-02-20 22:30:37,074 [DEBUG] from application in ForkJoinPool-4-worker-5 - Response: 9.95
2018-02-20 22:30:37,103 [DEBUG] from application in application-akka.actor.default-dispatcher-5 - Order: OrderRequest(3791c0cf-7baf-4754-9f8a-99e5ffecab41,12345,List(ItemsWPrice(8ed0e6f7,1.0,Some(124.95)), ItemsWPrice(c0258525,3.0,Some(3.5)), ItemsWPrice(0a207870,20.0,Some(9.95))),334.45)
2018-02-20 22:30:37,479 [DEBUG] from application in application-akka.actor.default-dispatcher-8 - getProductDetails
2018-02-20 22:30:37,506 [DEBUG] from application in ForkJoinPool-4-worker-5 - Response: 124.95
2018-02-20 22:30:37,507 [DEBUG] from application in application-akka.actor.default-dispatcher-8 - getProductDetails
2018-02-20 22:30:37,539 [DEBUG] from application in ForkJoinPool-4-worker-5 - Response: 3.5
2018-02-20 22:30:37,539 [DEBUG] from application in application-akka.actor.default-dispatcher-8 - getProductDetails
2018-02-20 22:30:37,566 [DEBUG] from application in ForkJoinPool-4-worker-5 - Response: 9.95
2018-02-20 22:30:37,601 [DEBUG] from application in application-akka.actor.default-dispatcher-8 - Order: OrderRequest(a8c7bada-40e5-4b85-bb14-bd81ab44f172,12345,List(ItemsWPrice(8ed0e6f7,1.0,Some(124.95)), ItemsWPrice(c0258525,3.0,Some(3.5)), ItemsWPrice(0a207870,20.0,Some(9.95))),334.45)
2018-02-20 22:30:37,749 [DEBUG] from application in application-akka.actor.default-dispatcher-2 - getProductDetails
2018-02-20 22:30:37,779 [DEBUG] from application in ForkJoinPool-4-worker-5 - Response: 124.95
2018-02-20 22:30:37,780 [DEBUG] from application in application-akka.actor.default-dispatcher-2 - getProductDetails
2018-02-20 22:30:37,810 [DEBUG] from application in ForkJoinPool-4-worker-5 - Response: 3.5
2018-02-20 22:30:37,810 [DEBUG] from application in application-akka.actor.default-dispatcher-2 - getProductDetails
2018-02-20 22:30:37,843 [DEBUG] from application in ForkJoinPool-4-worker-5 - Response: 9.95
2018-02-20 22:30:37,871 [DEBUG] from application in application-akka.actor.default-dispatcher-2 - Order: OrderRequest(f5354c3c-9f66-4bf6-91c8-f1c2d1059e3c,12345,List(ItemsWPrice(8ed0e6f7,1.0,Some(124.95)), ItemsWPrice(c0258525,3.0,Some(3.5)), ItemsWPrice(0a207870,20.0,Some(9.95))),334.45)
